../../bin\AIGameDemo.pdb
E:\AIGameDemo\src\AIGameDemoExe\Debug\AIGameDemo.exe.embed.manifest
E:\AIGAMEDEMO\SRC\AIGAMEDEMOEXE\DEBUG\AIGAMEDEMO.EXE.EMBED.MANIFEST.RES
E:\AIGameDemo\src\AIGameDemoExe\Debug\AIGameDemo.exe.intermediate.manifest
E:\AIGameDemo\src\AIGameDemoExe\Debug\AIGameDemo_manifest.rc
E:\AIGAMEDEMO\SRC\AIGAMEDEMOEXE\DEBUG\BOUNDINGVOL.OBJ
E:\AIGameDemo\src\AIGameDemoExe\Debug\cl.command.1.tlog
E:\AIGameDemo\src\AIGameDemoExe\Debug\CL.read.1.tlog
E:\AIGameDemo\src\AIGameDemoExe\Debug\CL.write.1.tlog
E:\AIGAMEDEMO\SRC\AIGAMEDEMOEXE\DEBUG\ENTITYFACTORY.OBJ
E:\AIGAMEDEMO\SRC\AIGAMEDEMOEXE\DEBUG\ERRREPORT.OBJ
E:\AIGAMEDEMO\SRC\AIGAMEDEMOEXE\DEBUG\FPSCAMERA.OBJ
E:\AIGAMEDEMO\SRC\AIGAMEDEMOEXE\DEBUG\FXEFFECTMANAGER.OBJ
E:\AIGAMEDEMO\SRC\AIGAMEDEMOEXE\DEBUG\GAMEENTITY.OBJ
E:\AIGAMEDEMO\SRC\AIGAMEDEMOEXE\DEBUG\GAMEKEYBOARDCONTROL.OBJ
E:\AIGAMEDEMO\SRC\AIGAMEDEMOEXE\DEBUG\GAMERENDERABLE.OBJ
E:\AIGAMEDEMO\SRC\AIGAMEDEMOEXE\DEBUG\GLOBALS.OBJ
E:\AIGAMEDEMO\SRC\AIGAMEDEMOEXE\DEBUG\HIPPOAPPBASE.OBJ
E:\AIGAMEDEMO\SRC\AIGAMEDEMOEXE\DEBUG\HIPPOD3D9DEVICE.OBJ
E:\AIGAMEDEMO\SRC\AIGAMEDEMOEXE\DEBUG\HIPPOD3DXMODEL.OBJ
E:\AIGAMEDEMO\SRC\AIGAMEDEMOEXE\DEBUG\HIPPODXAPPBASE.OBJ
E:\AIGAMEDEMO\SRC\AIGAMEDEMOEXE\DEBUG\HIPPODXAPPDEMO.OBJ
E:\AIGAMEDEMO\SRC\AIGAMEDEMOEXE\DEBUG\HIPPOFILEPATH.OBJ
E:\AIGAMEDEMO\SRC\AIGAMEDEMOEXE\DEBUG\HIPPOWINDOW.OBJ
E:\AIGameDemo\src\AIGameDemoExe\Debug\link.command.1.tlog
E:\AIGameDemo\src\AIGameDemoExe\Debug\link.read.1.tlog
E:\AIGameDemo\src\AIGameDemoExe\Debug\link.write.1.tlog
E:\AIGameDemo\src\AIGameDemoExe\Debug\link-cvtres.read.1.tlog
E:\AIGameDemo\src\AIGameDemoExe\Debug\link-cvtres.write.1.tlog
E:\AIGAMEDEMO\SRC\AIGAMEDEMOEXE\DEBUG\MAIN.OBJ
E:\AIGameDemo\src\AIGameDemoExe\Debug\rc.command.1.tlog
E:\AIGameDemo\src\AIGameDemoExe\Debug\rc.read.1.tlog
E:\AIGameDemo\src\AIGameDemoExe\Debug\rc.write.1.tlog
E:\AIGAMEDEMO\SRC\AIGAMEDEMOEXE\DEBUG\ROBOTENTITY.OBJ
E:\AIGAMEDEMO\SRC\AIGAMEDEMOEXE\DEBUG\ROBOTPROXYIMPL.OBJ
E:\AIGAMEDEMO\SRC\AIGAMEDEMOEXE\DEBUG\ROBOTRENDERABLE.OBJ
E:\AIGAMEDEMO\SRC\AIGAMEDEMOEXE\DEBUG\SKYENTITY.OBJ
E:\AIGAMEDEMO\SRC\AIGAMEDEMOEXE\DEBUG\STDAFX.OBJ
E:\AIGAMEDEMO\SRC\AIGAMEDEMOEXE\DEBUG\TANKGAMERENDER.OBJ
E:\AIGAMEDEMO\SRC\AIGAMEDEMOEXE\DEBUG\TANKGAMEWORLDIMPL.OBJ
E:\AIGAMEDEMO\SRC\AIGAMEDEMOEXE\DEBUG\TERRAINENTITY.OBJ
E:\AIGAMEDEMO\SRC\AIGAMEDEMOEXE\DEBUG\TIMER.OBJ
E:\AIGAMEDEMO\SRC\AIGAMEDEMOEXE\DEBUG\TOWERENTITY.OBJ
E:\AIGAMEDEMO\SRC\AIGAMEDEMOEXE\DEBUG\TOWERPROXYIMPL.OBJ
E:\AIGAMEDEMO\SRC\AIGAMEDEMOEXE\DEBUG\TOWERRENDERABLE.OBJ
E:\AIGameDemo\src\AIGameDemoExe\Debug\vc100.idb
E:\AIGAMEDEMO\SRC\AIGAMEDEMOEXE\DEBUG\VC100.PDB
E:\AIGAMEDEMO\SRC\AIGAMEDEMOEXE\DEBUG\WIN32MSGUTIL.OBJ
E:\AIGAMEDEMO\SRC\AIGAMEDEMOEXE\DEBUG\WORLDSERIALIZER.OBJ
E:\AIGAMEDEMO\SRC\AIGAMEDEMOEXE\DEBUG\XMODELHELPFUN.OBJ
